<?xml version="1.0" encoding="UTF-8"?>
<!-- Generated by org.testng.reporters.JUnitReportReporter -->
<testsuite hostname="DESKTOP-VN4LD42" name="Apple.Zach.ex7" tests="1" failures="0" timestamp="20 Feb 2018 20:33:45 GMT" time="5.537" errors="0">
  <testcase name="testEx7" time="5.537" classname="Apple.Zach.ex7"/>
</testsuite> <!-- Apple.Zach.ex7 -->
