<?xml version="1.0" encoding="UTF-8"?>
<!-- Generated by org.testng.reporters.JUnitReportReporter -->
<testsuite hostname="DESKTOP-VN4LD42" name="Apple.Zach.ex6" tests="1" failures="0" timestamp="20 Feb 2018 19:38:20 GMT" time="13.137" errors="0">
  <testcase name="testEx6" time="13.137" classname="Apple.Zach.ex6"/>
</testsuite> <!-- Apple.Zach.ex6 -->
