<?xml version="1.0" encoding="UTF-8"?>
<!-- Generated by org.testng.reporters.JUnitReportReporter -->
<testsuite skipped="0" hostname="DESKTOP-VN4LD42" name="Apple.Zach.ex8" tests="1" failures="0" timestamp="20 Feb 2018 22:31:46 GMT" time="4.376" errors="0">
  <testcase name="testEx8" time="4.376" classname="Apple.Zach.ex8"/>
</testsuite> <!-- Apple.Zach.ex8 -->
