<?xml version="1.0" encoding="UTF-8"?>
<!-- Generated by org.testng.reporters.JUnitReportReporter -->
<testsuite skipped="0" hostname="DESKTOP-VN4LD42" name="Apple.Zach.ex9" tests="2" failures="0" timestamp="20 Feb 2018 22:20:50 GMT" time="9.560" errors="0">
  <testcase name="testEx9Success" time="5.499" classname="Apple.Zach.ex9"/>
  <testcase name="testEx9Fails" time="4.061" classname="Apple.Zach.ex9"/>
</testsuite> <!-- Apple.Zach.ex9 -->
