<?xml version="1.0" encoding="UTF-8"?>
<!-- Generated by org.testng.reporters.JUnitReportReporter -->
<testsuite skipped="0" hostname="DESKTOP-VN4LD42" name="Apple.Zach.ex10" tests="3" failures="0" timestamp="21 Feb 2018 16:09:37 GMT" time="25.813" errors="0">
  <testcase name="test3Ex10" time="4.470" classname="Apple.Zach.ex10"/>
  <testcase name="test2Ex10" time="12.036" classname="Apple.Zach.ex10"/>
  <testcase name="testEx10" time="9.307" classname="Apple.Zach.ex10"/>
</testsuite> <!-- Apple.Zach.ex10 -->
