<?xml version="1.0" encoding="UTF-8"?>
<!-- Generated by org.testng.reporters.JUnitReportReporter -->
<testsuite skipped="0" hostname="DESKTOP-VN4LD42" name="Apple.Zach.ex10" tests="3" failures="0" timestamp="21 Feb 2018 14:20:03 GMT" time="23.019" errors="0">
  <testcase name="test3Ex10" time="4.170" classname="Apple.Zach.ex10"/>
  <testcase name="test2Ex10" time="9.659" classname="Apple.Zach.ex10"/>
  <testcase name="testEx10" time="9.190" classname="Apple.Zach.ex10"/>
</testsuite> <!-- Apple.Zach.ex10 -->
